#
# There is insufficient memory for the Java Runtime Environment to continue.
# Native memory allocation (malloc) failed to allocate 32744 bytes for ChunkPool::allocate
# Possible reasons:
#   The system is out of physical RAM or swap space
#   The process is running with CompressedOops enabled, and the Java Heap may be blocking the growth of the native heap
# Possible solutions:
#   Reduce memory load on the system
#   Increase physical memory or swap space
#   Check if swap backing store is full
#   Decrease Java heap size (-Xmx/-Xms)
#   Decrease number of Java threads
#   Decrease Java thread stack sizes (-Xss)
#   Set larger code cache with -XX:ReservedCodeCacheSize=
#   JVM is running with Unscaled Compressed Oops mode in which the Java heap is
#     placed in the first 4GB address space. The Java Heap base address is the
#     maximum limit for the native heap growth. Please use -XX:HeapBaseMinAddress
#     to set the Java Heap base and to place the Java Heap above 4GB virtual address.
# This output file may be truncated or incomplete.
#
#  Out of Memory Error (t:/workspace/open/src/hotspot/share/memory/arena.cpp:81), pid=17724, tid=12860
#
# JRE version: Java(TM) SE Runtime Environment (12.0.2+10) (build 12.0.2+10)
# Java VM: Java HotSpot(TM) 64-Bit Server VM (12.0.2+10, mixed mode, sharing, tiered, compressed oops, g1 gc, windows-amd64)
# No core dump will be written. Minidumps are not enabled by default on client versions of Windows
#

---------------  S U M M A R Y ------------

Command Line: -Dfile.encoding=UTF-8 --module-path=C:\Users\ankit chauhan\Documents\NetBeansProjects\Electricity_billing_system\build\classes Electricity.homepage

Host: Intel(R) Core(TM) i3-6006U CPU @ 2.00GHz, 4 cores, 3G,  Windows 10 , 64 bit Build 18362 (10.0.18362.329)
Time: Wed Apr 15 19:21:05 2020 India Standard Time elapsed time: 1 seconds (0d 0h 0m 1s)

---------------  T H R E A D  ---------------

Current thread (0x0000022df6bcb000):  JavaThread "main" [_thread_in_vm, id=12860, stack(0x000000fe03400000,0x000000fe03500000)]

Stack: [0x000000fe03400000,0x000000fe03500000]
Native frames: (J=compiled Java code, j=interpreted, Vv=VM code, C=native code)
V  [jvm.dll+0x63aa2a]
V  [jvm.dll+0x78ce1e]
V  [jvm.dll+0x78e4c1]
V  [jvm.dll+0x78eb13]
V  [jvm.dll+0x2627e8]
V  [jvm.dll+0xc57f6]
V  [jvm.dll+0xc5b4c]
V  [jvm.dll+0x1e9c9d]
V  [jvm.dll+0x1e90d1]
V  [jvm.dll+0x716cce]
V  [jvm.dll+0x7180ec]
V  [jvm.dll+0x7185ed]
V  [jvm.dll+0x718433]
V  [jvm.dll+0x416764]
V  [jvm.dll+0x3e27f5]
C  [java.dll+0xd174]

Java frames: (J=compiled Java code, j=interpreted, Vv=VM code)
j  java.io.FileInputStream.open0(Ljava/lang/String;)V+0 java.base@12.0.2
j  java.io.FileInputStream.open(Ljava/lang/String;)V+2 java.base@12.0.2
j  java.io.FileInputStream.<init>(Ljava/io/File;)V+96 java.base@12.0.2
j  java.awt.Toolkit$1.run()Ljava/lang/String;+27 java.desktop@12.0.2
j  java.awt.Toolkit$1.run()Ljava/lang/Object;+1 java.desktop@12.0.2
j  java.security.AccessController.executePrivileged(Ljava/security/PrivilegedAction;Ljava/security/AccessControlContext;Ljava/lang/Class;)Ljava/lang/Object;+29 java.base@12.0.2
j  java.security.AccessController.doPrivileged(Ljava/security/PrivilegedAction;)Ljava/lang/Object;+5 java.base@12.0.2
j  java.awt.Toolkit.initAssistiveTechnologies()V+21 java.desktop@12.0.2
j  java.awt.Toolkit.<clinit>()V+44 java.desktop@12.0.2
v  ~StubRoutines::call_stub
j  java.awt.Component.<clinit>()V+93 java.desktop@12.0.2
v  ~StubRoutines::call_stub

---------------  P R O C E S S  ---------------

Threads class SMR info:
_java_thread_list=0x0000022dfdff0e00, length=10, elements={
0x0000022df6bcb000, 0x0000022df6c9d800, 0x0000022dfd4ef000, 0x0000022dfd504800,
0x0000022dfd506800, 0x0000022dfd50d000, 0x0000022dfd536000, 0x0000022dfd540000,
0x0000022dfdf72000, 0x0000022dfe04b000
}

Java Threads: ( => current thread )
=>0x0000022df6bcb000 JavaThread "main" [_thread_in_vm, id=12860, stack(0x000000fe03400000,0x000000fe03500000)]
  0x0000022df6c9d800 JavaThread "Reference Handler" daemon [_thread_blocked, id=18188, stack(0x000000fe03b00000,0x000000fe03c00000)]
  0x0000022dfd4ef000 JavaThread "Finalizer" daemon [_thread_blocked, id=17608, stack(0x000000fe03c00000,0x000000fe03d00000)]
  0x0000022dfd504800 JavaThread "Signal Dispatcher" daemon [_thread_blocked, id=10948, stack(0x000000fe03d00000,0x000000fe03e00000)]
  0x0000022dfd506800 JavaThread "Attach Listener" daemon [_thread_blocked, id=17856, stack(0x000000fe03e00000,0x000000fe03f00000)]
  0x0000022dfd50d000 JavaThread "C2 CompilerThread0" daemon [_thread_blocked, id=17976, stack(0x000000fe03f00000,0x000000fe04000000)]
  0x0000022dfd536000 JavaThread "C1 CompilerThread0" daemon [_thread_blocked, id=12636, stack(0x000000fe04000000,0x000000fe04100000)]
  0x0000022dfd540000 JavaThread "Sweeper thread" daemon [_thread_blocked, id=17768, stack(0x000000fe04100000,0x000000fe04200000)]
  0x0000022dfdf72000 JavaThread "Common-Cleaner" daemon [_thread_blocked, id=3144, stack(0x000000fe04200000,0x000000fe04300000)]
  0x0000022dfe04b000 JavaThread "Service Thread" daemon [_thread_blocked, id=18052, stack(0x000000fe04300000,0x000000fe04400000)]

Other Threads:
  0x0000022df6c9a000 VMThread "VM Thread" [stack: 0x000000fe03a00000,0x000000fe03b00000] [id=1972]
  0x0000022dfdfd1800 WatcherThread [stack: 0x000000fe04400000,0x000000fe04500000] [id=3696]
  0x0000022df6bf9000 GCTaskThread "GC Thread#0" [stack: 0x000000fe03500000,0x000000fe03600000] [id=9476]
  0x0000022df6c00800 ConcurrentGCThread "G1 Main Marker" [stack: 0x000000fe03600000,0x000000fe03700000] [id=17532]
  0x0000022df6c05000 ConcurrentGCThread "G1 Conc#0" [stack: 0x000000fe03700000,0x000000fe03800000] [id=15836]
  0x0000022df6c4a800 ConcurrentGCThread "G1 Refine#0" [stack: 0x000000fe03800000,0x000000fe03900000] [id=7428]
  0x0000022df6c4b800 ConcurrentGCThread "G1 Young RemSet Sampling" [stack: 0x000000fe03900000,0x000000fe03a00000] [id=14456]

Threads with active compile tasks:

VM state:synchronizing (normal execution)

VM Mutex/Monitor currently owned by a thread:  ([mutex/lock_event])
[0x0000022df6bc6f50] Threads_lock - owner thread: 0x0000022df6c9a000

Heap address: 0x00000000c2000000, size: 992 MB, Compressed Oops mode: 32-bit
Narrow klass base: 0x0000000800000000, Narrow klass shift: 3
Compressed class space size: 1073741824 Address: 0x0000000801190000

Heap:
 garbage-first heap   total 63488K, used 2048K [0x00000000c2000000, 0x0000000100000000)
  region size 1024K, 3 young (3072K), 0 survivors (0K)
 Metaspace       used 1392K, capacity 4622K, committed 4864K, reserved 1056768K
  class space    used 132K, capacity 454K, committed 512K, reserved 1048576K
Heap Regions: E=young(eden), S=young(survivor), O=old, HS=humongous(starts), HC=humongous(continues), CS=collection set, F=free, A=archive, TAMS=top-at-mark-start (previous, next)
|   0|0x00000000c2000000, 0x00000000c2000000, 0x00000000c2100000|  0%| F|  |TAMS 0x00000000c2000000, 0x00000000c2000000| Untracked 
|   1|0x00000000c2100000, 0x00000000c2100000, 0x00000000c2200000|  0%| F|  |TAMS 0x00000000c2100000, 0x00000000c2100000| Untracked 
|   2|0x00000000c2200000, 0x00000000c2200000, 0x00000000c2300000|  0%| F|  |TAMS 0x00000000c2200000, 0x00000000c2200000| Untracked 
|   3|0x00000000c2300000, 0x00000000c2300000, 0x00000000c2400000|  0%| F|  |TAMS 0x00000000c2300000, 0x00000000c2300000| Untracked 
|   4|0x00000000c2400000, 0x00000000c2400000, 0x00000000c2500000|  0%| F|  |TAMS 0x00000000c2400000, 0x00000000c2400000| Untracked 
|   5|0x00000000c2500000, 0x00000000c2500000, 0x00000000c2600000|  0%| F|  |TAMS 0x00000000c2500000, 0x00000000c2500000| Untracked 
|   6|0x00000000c2600000, 0x00000000c2600000, 0x00000000c2700000|  0%| F|  |TAMS 0x00000000c2600000, 0x00000000c2600000| Untracked 
|   7|0x00000000c2700000, 0x00000000c2700000, 0x00000000c2800000|  0%| F|  |TAMS 0x00000000c2700000, 0x00000000c2700000| Untracked 
|   8|0x00000000c2800000, 0x00000000c2800000, 0x00000000c2900000|  0%| F|  |TAMS 0x00000000c2800000, 0x00000000c2800000| Untracked 
|   9|0x00000000c2900000, 0x00000000c2900000, 0x00000000c2a00000|  0%| F|  |TAMS 0x00000000c2900000, 0x00000000c2900000| Untracked 
|  10|0x00000000c2a00000, 0x00000000c2a00000, 0x00000000c2b00000|  0%| F|  |TAMS 0x00000000c2a00000, 0x00000000c2a00000| Untracked 
|  11|0x00000000c2b00000, 0x00000000c2b00000, 0x00000000c2c00000|  0%| F|  |TAMS 0x00000000c2b00000, 0x00000000c2b00000| Untracked 
|  12|0x00000000c2c00000, 0x00000000c2c00000, 0x00000000c2d00000|  0%| F|  |TAMS 0x00000000c2c00000, 0x00000000c2c00000| Untracked 
|  13|0x00000000c2d00000, 0x00000000c2d00000, 0x00000000c2e00000|  0%| F|  |TAMS 0x00000000c2d00000, 0x00000000c2d00000| Untracked 
|  14|0x00000000c2e00000, 0x00000000c2e00000, 0x00000000c2f00000|  0%| F|  |TAMS 0x00000000c2e00000, 0x00000000c2e00000| Untracked 
|  15|0x00000000c2f00000, 0x00000000c2f00000, 0x00000000c3000000|  0%| F|  |TAMS 0x00000000c2f00000, 0x00000000c2f00000| Untracked 
|  16|0x00000000c3000000, 0x00000000c3000000, 0x00000000c3100000|  0%| F|  |TAMS 0x00000000c3000000, 0x00000000c3000000| Untracked 
|  17|0x00000000c3100000, 0x00000000c3100000, 0x00000000c3200000|  0%| F|  |TAMS 0x00000000c3100000, 0x00000000c3100000| Untracked 
|  18|0x00000000c3200000, 0x00000000c3200000, 0x00000000c3300000|  0%| F|  |TAMS 0x00000000c3200000, 0x00000000c3200000| Untracked 
|  19|0x00000000c3300000, 0x00000000c3300000, 0x00000000c3400000|  0%| F|  |TAMS 0x00000000c3300000, 0x00000000c3300000| Untracked 
|  20|0x00000000c3400000, 0x00000000c3400000, 0x00000000c3500000|  0%| F|  |TAMS 0x00000000c3400000, 0x00000000c3400000| Untracked 
|  21|0x00000000c3500000, 0x00000000c3500000, 0x00000000c3600000|  0%| F|  |TAMS 0x00000000c3500000, 0x00000000c3500000| Untracked 
|  22|0x00000000c3600000, 0x00000000c3600000, 0x00000000c3700000|  0%| F|  |TAMS 0x00000000c3600000, 0x00000000c3600000| Untracked 
|  23|0x00000000c3700000, 0x00000000c3700000, 0x00000000c3800000|  0%| F|  |TAMS 0x00000000c3700000, 0x00000000c3700000| Untracked 
|  24|0x00000000c3800000, 0x00000000c3800000, 0x00000000c3900000|  0%| F|  |TAMS 0x00000000c3800000, 0x00000000c3800000| Untracked 
|  25|0x00000000c3900000, 0x00000000c3900000, 0x00000000c3a00000|  0%| F|  |TAMS 0x00000000c3900000, 0x00000000c3900000| Untracked 
|  26|0x00000000c3a00000, 0x00000000c3a00000, 0x00000000c3b00000|  0%| F|  |TAMS 0x00000000c3a00000, 0x00000000c3a00000| Untracked 
|  27|0x00000000c3b00000, 0x00000000c3b00000, 0x00000000c3c00000|  0%| F|  |TAMS 0x00000000c3b00000, 0x00000000c3b00000| Untracked 
|  28|0x00000000c3c00000, 0x00000000c3c00000, 0x00000000c3d00000|  0%| F|  |TAMS 0x00000000c3c00000, 0x00000000c3c00000| Untracked 
|  29|0x00000000c3d00000, 0x00000000c3d00000, 0x00000000c3e00000|  0%| F|  |TAMS 0x00000000c3d00000, 0x00000000c3d00000| Untracked 
|  30|0x00000000c3e00000, 0x00000000c3e00000, 0x00000000c3f00000|  0%| F|  |TAMS 0x00000000c3e00000, 0x00000000c3e00000| Untracked 
|  31|0x00000000c3f00000, 0x00000000c3f00000, 0x00000000c4000000|  0%| F|  |TAMS 0x00000000c3f00000, 0x00000000c3f00000| Untracked 
|  32|0x00000000c4000000, 0x00000000c4000000, 0x00000000c4100000|  0%| F|  |TAMS 0x00000000c4000000, 0x00000000c4000000| Untracked 
|  33|0x00000000c4100000, 0x00000000c4100000, 0x00000000c4200000|  0%| F|  |TAMS 0x00000000c4100000, 0x00000000c4100000| Untracked 
|  34|0x00000000c4200000, 0x00000000c4200000, 0x00000000c4300000|  0%| F|  |TAMS 0x00000000c4200000, 0x00000000c4200000| Untracked 
|  35|0x00000000c4300000, 0x00000000c4300000, 0x00000000c4400000|  0%| F|  |TAMS 0x00000000c4300000, 0x00000000c4300000| Untracked 
|  36|0x00000000c4400000, 0x00000000c4400000, 0x00000000c4500000|  0%| F|  |TAMS 0x00000000c4400000, 0x00000000c4400000| Untracked 
|  37|0x00000000c4500000, 0x00000000c4500000, 0x00000000c4600000|  0%| F|  |TAMS 0x00000000c4500000, 0x00000000c4500000| Untracked 
|  38|0x00000000c4600000, 0x00000000c4600000, 0x00000000c4700000|  0%| F|  |TAMS 0x00000000c4600000, 0x00000000c4600000| Untracked 
|  39|0x00000000c4700000, 0x00000000c4700000, 0x00000000c4800000|  0%| F|  |TAMS 0x00000000c4700000, 0x00000000c4700000| Untracked 
|  40|0x00000000c4800000, 0x00000000c4800000, 0x00000000c4900000|  0%| F|  |TAMS 0x00000000c4800000, 0x00000000c4800000| Untracked 
|  41|0x00000000c4900000, 0x00000000c4900000, 0x00000000c4a00000|  0%| F|  |TAMS 0x00000000c4900000, 0x00000000c4900000| Untracked 
|  42|0x00000000c4a00000, 0x00000000c4a00000, 0x00000000c4b00000|  0%| F|  |TAMS 0x00000000c4a00000, 0x00000000c4a00000| Untracked 
|  43|0x00000000c4b00000, 0x00000000c4b00000, 0x00000000c4c00000|  0%| F|  |TAMS 0x00000000c4b00000, 0x00000000c4b00000| Untracked 
|  44|0x00000000c4c00000, 0x00000000c4c00000, 0x00000000c4d00000|  0%| F|  |TAMS 0x00000000c4c00000, 0x00000000c4c00000| Untracked 
|  45|0x00000000c4d00000, 0x00000000c4d00000, 0x00000000c4e00000|  0%| F|  |TAMS 0x00000000c4d00000, 0x00000000c4d00000| Untracked 
|  46|0x00000000c4e00000, 0x00000000c4e00000, 0x00000000c4f00000|  0%| F|  |TAMS 0x00000000c4e00000, 0x00000000c4e00000| Untracked 
|  47|0x00000000c4f00000, 0x00000000c4f00000, 0x00000000c5000000|  0%| F|  |TAMS 0x00000000c4f00000, 0x00000000c4f00000| Untracked 
|  48|0x00000000c5000000, 0x00000000c5000000, 0x00000000c5100000|  0%| F|  |TAMS 0x00000000c5000000, 0x00000000c5000000| Untracked 
|  49|0x00000000c5100000, 0x00000000c5100000, 0x00000000c5200000|  0%| F|  |TAMS 0x00000000c5100000, 0x00000000c5100000| Untracked 
|  50|0x00000000c5200000, 0x00000000c5200000, 0x00000000c5300000|  0%| F|  |TAMS 0x00000000c5200000, 0x00000000c5200000| Untracked 
|  51|0x00000000c5300000, 0x00000000c5300000, 0x00000000c5400000|  0%| F|  |TAMS 0x00000000c5300000, 0x00000000c5300000| Untracked 
|  52|0x00000000c5400000, 0x00000000c5400000, 0x00000000c5500000|  0%| F|  |TAMS 0x00000000c5400000, 0x00000000c5400000| Untracked 
|  53|0x00000000c5500000, 0x00000000c5500000, 0x00000000c5600000|  0%| F|  |TAMS 0x00000000c5500000, 0x00000000c5500000| Untracked 
|  54|0x00000000c5600000, 0x00000000c5600000, 0x00000000c5700000|  0%| F|  |TAMS 0x00000000c5600000, 0x00000000c5600000| Untracked 
|  55|0x00000000c5700000, 0x00000000c5700000, 0x00000000c5800000|  0%| F|  |TAMS 0x00000000c5700000, 0x00000000c5700000| Untracked 
|  56|0x00000000c5800000, 0x00000000c5800000, 0x00000000c5900000|  0%| F|  |TAMS 0x00000000c5800000, 0x00000000c5800000| Untracked 
|  57|0x00000000c5900000, 0x00000000c5900000, 0x00000000c5a00000|  0%| F|  |TAMS 0x00000000c5900000, 0x00000000c5900000| Untracked 
|  58|0x00000000c5a00000, 0x00000000c5a00000, 0x00000000c5b00000|  0%| F|  |TAMS 0x00000000c5a00000, 0x00000000c5a00000| Untracked 
|  59|0x00000000c5b00000, 0x00000000c5b8fe28, 0x00000000c5c00000| 56%| E|  |TAMS 0x00000000c5b00000, 0x00000000c5b00000| Complete 
|  60|0x00000000c5c00000, 0x00000000c5d00000, 0x00000000c5d00000|100%| E|CS|TAMS 0x00000000c5c00000, 0x00000000c5c00000| Complete 
|  61|0x00000000c5d00000, 0x00000000c5e00000, 0x00000000c5e00000|100%| E|CS|TAMS 0x00000000c5d00000, 0x00000000c5d00000| Complete 

Card table byte_map: [0x0000022df8c80000,0x0000022df8e70000] _byte_map_base: 0x0000022df8670000

Marking Bits (Prev, Next): (CMBitMap*) 0x0000022df6bf9c98, (CMBitMap*) 0x0000022df6bf9cd8
 Prev Bits: [0x0000022df9060000, 0x0000022df9fe0000)
 Next Bits: [0x0000022df9fe0000, 0x0000022dfaf60000)

Polling page: 0x0000022df6970000

Metaspace:

Usage:
  Non-class:      4.07 MB capacity,     1.23 MB ( 30%) used,     2.84 MB ( 70%) free+waste,     4.00 KB ( <1%) overhead. 
      Class:    454.00 KB capacity,   132.05 KB ( 29%) used,   319.51 KB ( 70%) free+waste,     2.44 KB ( <1%) overhead. 
       Both:      4.51 MB capacity,     1.36 MB ( 30%) used,     3.15 MB ( 70%) free+waste,     6.44 KB ( <1%) overhead. 

Virtual space:
  Non-class space:        8.00 MB reserved,       4.25 MB ( 53%) committed 
      Class space:        1.00 GB reserved,     512.00 KB ( <1%) committed 
             Both:        1.01 GB reserved,       4.75 MB ( <1%) committed 

Chunk freelists:
   Non-Class:  0 bytes
       Class:  0 bytes
        Both:  0 bytes

CodeHeap 'non-profiled nmethods': size=120064Kb used=102Kb max_used=102Kb free=119961Kb
 bounds [0x0000022d8fdf0000, 0x0000022d90060000, 0x0000022d97330000]
CodeHeap 'profiled nmethods': size=120000Kb used=416Kb max_used=416Kb free=119583Kb
 bounds [0x0000022d888c0000, 0x0000022d88b30000, 0x0000022d8fdf0000]
CodeHeap 'non-nmethods': size=5696Kb used=1072Kb max_used=1084Kb free=4623Kb
 bounds [0x0000022d88330000, 0x0000022d885a0000, 0x0000022d888c0000]
 total_blobs=747 nmethods=323 adapters=263
 compilation: enabled
              stopped_count=0, restarted_count=0
 full_count=0

Compilation events (10 events):
Event: 1.217 Thread 0x0000022dfd536000  312       3       jdk.internal.org.objectweb.asm.Frame::push (109 bytes)
Event: 1.218 Thread 0x0000022dfd536000 nmethod 312 0x0000022d88926b10 code [0x0000022d88926d00, 0x0000022d88927310]
Event: 1.218 Thread 0x0000022dfd536000  315       3       java.lang.reflect.Modifier::isStatic (13 bytes)
Event: 1.218 Thread 0x0000022dfd536000 nmethod 315 0x0000022d88927510 code [0x0000022d889276c0, 0x0000022d88927858]
Event: 1.218 Thread 0x0000022dfd536000  316       3       java.lang.invoke.MemberName::isStatic (8 bytes)
Event: 1.219 Thread 0x0000022dfd536000 nmethod 316 0x0000022d88927910 code [0x0000022d88927ae0, 0x0000022d88927d18]
Event: 1.219 Thread 0x0000022dfd536000  319       3       java.lang.invoke.MemberName::isConstructor (7 bytes)
Event: 1.219 Thread 0x0000022dfd536000 nmethod 319 0x0000022d88927e10 code [0x0000022d88927fe0, 0x0000022d88928298]
Event: 1.219 Thread 0x0000022dfd536000  324       1       java.lang.invoke.LambdaForm$Name::type (5 bytes)
Event: 1.219 Thread 0x0000022dfd536000 nmethod 324 0x0000022d8fe09610 code [0x0000022d8fe097c0, 0x0000022d8fe098f8]

GC Heap History (0 events):
No events

Deoptimization events (5 events):
Event: 0.783 Thread 0x0000022df6bcb000 Uncommon trap: reason=unstable_if action=reinterpret pc=0x0000022d8fdff7b0 method=java.util.HashMap.putVal(ILjava/lang/Object;Ljava/lang/Object;ZZ)Ljava/lang/Object; @ 81 c2
Event: 0.944 Thread 0x0000022df6bcb000 Uncommon trap: reason=bimorphic_or_optimized_type_check action=maybe_recompile pc=0x0000022d8fe003c4 method=java.util.AbstractCollection.isEmpty()Z @ 1 c2
Event: 0.944 Thread 0x0000022df6bcb000 Uncommon trap: reason=bimorphic_or_optimized_type_check action=maybe_recompile pc=0x0000022d8fe003c4 method=java.util.AbstractCollection.isEmpty()Z @ 1 c2
Event: 0.947 Thread 0x0000022df6bcb000 Uncommon trap: reason=bimorphic_or_optimized_type_check action=maybe_recompile pc=0x0000022d8fe003c4 method=java.util.AbstractCollection.isEmpty()Z @ 1 c2
Event: 0.947 Thread 0x0000022df6bcb000 Uncommon trap: reason=bimorphic_or_optimized_type_check action=maybe_recompile pc=0x0000022d8fe003c4 method=java.util.AbstractCollection.isEmpty()Z @ 1 c2

Classes redefined (0 events):
No events

Internal exceptions (4 events):
Event: 0.633 Thread 0x0000022df6bcb000 Exception <a 'sun/nio/fs/WindowsException'{0x00000000c5c1dd00}> (0x00000000c5c1dd00) thrown at [t:/workspace/open/src/hotspot/share/prims/jni.cpp, line 615]
Event: 0.634 Thread 0x0000022df6bcb000 Exception <a 'sun/nio/fs/WindowsException'{0x00000000c5c1e2c0}> (0x00000000c5c1e2c0) thrown at [t:/workspace/open/src/hotspot/share/prims/jni.cpp, line 615]
Event: 0.638 Thread 0x0000022df6bcb000 Exception <a 'sun/nio/fs/WindowsException'{0x00000000c5c208c0}> (0x00000000c5c208c0) thrown at [t:/workspace/open/src/hotspot/share/prims/jni.cpp, line 615]
Event: 0.857 Thread 0x0000022df6bcb000 Exception <a 'java/lang/ClassNotFoundException'{0x00000000c5b02f70}: sun/awt/resources/spi/awtProvider> (0x00000000c5b02f70) thrown at [t:/workspace/open/src/hotspot/share/classfile/systemDictionary.cpp, line 235]

Events (10 events):
Event: 0.954 loading class java/lang/invoke/BoundMethodHandle$Species_LLLLL done
Event: 0.961 loading class java/lang/invoke/BoundMethodHandle$Species_LLLLLL
Event: 0.961 loading class java/lang/invoke/BoundMethodHandle$Species_LLLLLL done
Event: 0.966 loading class java/lang/invoke/BoundMethodHandle$Species_LLLLLLL
Event: 0.966 loading class java/lang/invoke/BoundMethodHandle$Species_LLLLLLL done
Event: 0.972 loading class java/lang/invoke/BoundMethodHandle$Species_LLLLLLLJ
Event: 0.973 loading class java/lang/invoke/BoundMethodHandle$Species_LLLLLLLJ done
Event: 0.978 loading class java/lang/invoke/BoundMethodHandle$Species_LLLLLLLJL
Event: 0.978 loading class java/lang/invoke/BoundMethodHandle$Species_LLLLLLLJL done
Event: 1.208 loading class java/io/FileNotFoundException


Dynamic libraries:
0x00007ff6dca90000 - 0x00007ff6dca9f000 	C:\Program Files\Java\jdk-12.0.2\bin\java.exe
0x00007ffde74c0000 - 0x00007ffde76b0000 	C:\WINDOWS\SYSTEM32\ntdll.dll
0x00007ffde61e0000 - 0x00007ffde6292000 	C:\WINDOWS\System32\KERNEL32.DLL
0x00007ffde4610000 - 0x00007ffde48b3000 	C:\WINDOWS\System32\KERNELBASE.dll
0x00007ffde53c0000 - 0x00007ffde54ba000 	C:\WINDOWS\System32\ucrtbase.dll
0x00007ffdcb330000 - 0x00007ffdcb348000 	C:\Program Files\Java\jdk-12.0.2\bin\jli.dll
0x00007ffde5700000 - 0x00007ffde57a3000 	C:\WINDOWS\System32\ADVAPI32.dll
0x00007ffdd2970000 - 0x00007ffdd2986000 	C:\Program Files\Java\jdk-12.0.2\bin\VCRUNTIME140.dll
0x00007ffde62a0000 - 0x00007ffde633e000 	C:\WINDOWS\System32\msvcrt.dll
0x00007ffde55a0000 - 0x00007ffde5637000 	C:\WINDOWS\System32\sechost.dll
0x00007ffde67d0000 - 0x00007ffde68f0000 	C:\WINDOWS\System32\RPCRT4.dll
0x00007ffde65c0000 - 0x00007ffde6754000 	C:\WINDOWS\System32\USER32.dll
0x00007ffde4570000 - 0x00007ffde4591000 	C:\WINDOWS\System32\win32u.dll
0x00007ffde56d0000 - 0x00007ffde56f6000 	C:\WINDOWS\System32\GDI32.dll
0x00007ffdd6880000 - 0x00007ffdd6b05000 	C:\WINDOWS\WinSxS\amd64_microsoft.windows.common-controls_6595b64144ccf1df_6.0.18362.418_none_e6c6b287130d565d\COMCTL32.dll
0x00007ffde5040000 - 0x00007ffde51d4000 	C:\WINDOWS\System32\gdi32full.dll
0x00007ffde5ea0000 - 0x00007ffde61d6000 	C:\WINDOWS\System32\combase.dll
0x00007ffde44d0000 - 0x00007ffde456e000 	C:\WINDOWS\System32\msvcp_win.dll
0x00007ffde4450000 - 0x00007ffde44d0000 	C:\WINDOWS\System32\bcryptPrimitives.dll
0x00007ffdd6c20000 - 0x00007ffdd6c2a000 	C:\WINDOWS\SYSTEM32\VERSION.dll
0x00007ffde5570000 - 0x00007ffde559e000 	C:\WINDOWS\System32\IMM32.DLL
0x00007ffdc33e0000 - 0x00007ffdc348a000 	C:\Program Files\Java\jdk-12.0.2\bin\msvcp140.dll
0x00007ffdb6240000 - 0x00007ffdb6db7000 	C:\Program Files\Java\jdk-12.0.2\bin\server\jvm.dll
0x00007ffde7000000 - 0x00007ffde7008000 	C:\WINDOWS\System32\PSAPI.DLL
0x00007ffde18f0000 - 0x00007ffde1914000 	C:\WINDOWS\SYSTEM32\WINMM.dll
0x00007ffdd1870000 - 0x00007ffdd1879000 	C:\WINDOWS\SYSTEM32\WSOCK32.dll
0x00007ffde57b0000 - 0x00007ffde581f000 	C:\WINDOWS\System32\WS2_32.dll
0x00007ffde0bd0000 - 0x00007ffde0bfd000 	C:\WINDOWS\SYSTEM32\winmmbase.dll
0x00007ffde45c0000 - 0x00007ffde460a000 	C:\WINDOWS\System32\cfgmgr32.dll
0x00007ffde4410000 - 0x00007ffde4421000 	C:\WINDOWS\System32\kernel.appcore.dll
0x00007ffdc6490000 - 0x00007ffdc64a1000 	C:\Program Files\Java\jdk-12.0.2\bin\verify.dll
0x00007ffde2b60000 - 0x00007ffde2d54000 	C:\WINDOWS\SYSTEM32\DBGHELP.DLL
0x00007ffdcfa90000 - 0x00007ffdcfaba000 	C:\WINDOWS\SYSTEM32\dbgcore.DLL
0x00007ffdc8420000 - 0x00007ffdc8446000 	C:\Program Files\Java\jdk-12.0.2\bin\java.dll
0x00007ffdc6470000 - 0x00007ffdc6487000 	C:\Program Files\Java\jdk-12.0.2\bin\zip.dll
0x00007ffdde2d0000 - 0x00007ffdde2da000 	C:\Program Files\Java\jdk-12.0.2\bin\jimage.dll
0x00007ffde6910000 - 0x00007ffde6ff5000 	C:\WINDOWS\System32\SHELL32.dll
0x00007ffde5c60000 - 0x00007ffde5d09000 	C:\WINDOWS\System32\shcore.dll
0x00007ffde48c0000 - 0x00007ffde503f000 	C:\WINDOWS\System32\windows.storage.dll
0x00007ffde4430000 - 0x00007ffde444f000 	C:\WINDOWS\System32\profapi.dll
0x00007ffde43c0000 - 0x00007ffde440a000 	C:\WINDOWS\System32\powrprof.dll
0x00007ffde4390000 - 0x00007ffde43a0000 	C:\WINDOWS\System32\UMPDC.dll
0x00007ffde5b90000 - 0x00007ffde5be2000 	C:\WINDOWS\System32\shlwapi.dll
0x00007ffde45a0000 - 0x00007ffde45b7000 	C:\WINDOWS\System32\cryptsp.dll
0x00007ffdc6450000 - 0x00007ffdc6469000 	C:\Program Files\Java\jdk-12.0.2\bin\net.dll
0x00007ffdd2160000 - 0x00007ffdd2336000 	C:\WINDOWS\SYSTEM32\urlmon.dll
0x00007ffdda950000 - 0x00007ffddaa40000 	C:\WINDOWS\SYSTEM32\WINHTTP.dll
0x00007ffdd23c0000 - 0x00007ffdd2666000 	C:\WINDOWS\SYSTEM32\iertutil.dll
0x00007ffde3d70000 - 0x00007ffde3d7c000 	C:\WINDOWS\SYSTEM32\CRYPTBASE.DLL
0x00007ffde3ba0000 - 0x00007ffde3c07000 	C:\WINDOWS\system32\mswsock.dll
0x00007ffdc5340000 - 0x00007ffdc5353000 	C:\Program Files\Java\jdk-12.0.2\bin\nio.dll
0x00007ffdba590000 - 0x00007ffdba72f000 	C:\Program Files\Java\jdk-12.0.2\bin\awt.dll
0x00007ffde5820000 - 0x00007ffde58e4000 	C:\WINDOWS\System32\OLEAUT32.dll
0x00007ffde0510000 - 0x00007ffde0ad0000 	C:\WINDOWS\SYSTEM32\d2d1.dll
0x00007ffde1d30000 - 0x00007ffde1dbf000 	C:\WINDOWS\SYSTEM32\apphelp.dll

dbghelp: loaded successfully - version: 4.0.5 - missing functions: none
symbol engine: initialized successfully - sym options: 0x614 - pdb path: .;C:\Program Files\Java\jdk-12.0.2\bin;C:\WINDOWS\SYSTEM32;C:\WINDOWS\WinSxS\amd64_microsoft.windows.common-controls_6595b64144ccf1df_6.0.18362.418_none_e6c6b287130d565d;C:\Program Files\Java\jdk-12.0.2\bin\server

VM Arguments:
jvm_args: -Dfile.encoding=UTF-8 --module-path=C:\Users\ankit chauhan\Documents\NetBeansProjects\Electricity_billing_system\build\classes 
java_command: Electricity.homepage
java_class_path (initial): C:\mysql-connector-java-8.0.18.jar;C:\Users\ankit chauhan\Documents\NetBeansProjects\Electricity_billing_system\build\classes
Launcher Type: SUN_STANDARD

[Global flags]
     intx CICompilerCount                          = 3                                         {product} {ergonomic}
     uint ConcGCThreads                            = 1                                         {product} {ergonomic}
     uint G1ConcRefinementThreads                  = 4                                         {product} {ergonomic}
   size_t G1HeapRegionSize                         = 1048576                                   {product} {ergonomic}
    uintx GCDrainStackTargetSize                   = 64                                        {product} {ergonomic}
   size_t InitialHeapSize                          = 65011712                                  {product} {ergonomic}
   size_t MarkStackSize                            = 4194304                                   {product} {ergonomic}
   size_t MaxHeapSize                              = 1040187392                                {product} {ergonomic}
   size_t MaxNewSize                               = 623902720                                 {product} {ergonomic}
   size_t MinHeapDeltaBytes                        = 1048576                                   {product} {ergonomic}
    uintx NonNMethodCodeHeapSize                   = 5830732                                {pd product} {ergonomic}
    uintx NonProfiledCodeHeapSize                  = 122913754                              {pd product} {ergonomic}
    uintx ProfiledCodeHeapSize                     = 122913754                              {pd product} {ergonomic}
    uintx ReservedCodeCacheSize                    = 251658240                              {pd product} {ergonomic}
     bool SegmentedCodeCache                       = true                                      {product} {ergonomic}
     bool UseCompressedClassPointers               = true                                 {lp64_product} {ergonomic}
     bool UseCompressedOops                        = true                                 {lp64_product} {ergonomic}
     bool UseG1GC                                  = true                                      {product} {ergonomic}
     bool UseLargePagesIndividualAllocation        = false                                  {pd product} {ergonomic}

Logging:
Log output configuration:
 #0: stdout all=warning uptime,level,tags
 #1: stderr all=off uptime,level,tags

Environment Variables:
CLASSPATH=C:\mysql-connector-java-8.0.18.jar;.;
PATH=C:\Program Files\Java\jdk-12.0.2\bin;C:\Program Files (x86)\Intel\Intel(R) Management Engine Components\DAL;C:\Program Files\Intel\Intel(R) Management Engine Components\DAL;%SystemRoot%\system32;%SystemRoot%;%SystemRoot%\System32\Wbem;%SYSTEMROOT%\System32\WindowsPowerShell\v1.0\;%SYSTEMROOT%\System32\OpenSSH\;C:\Program Files\MySQL\MySQL Shell 8.0\bin\;C:\Program Files\Java\jdk-12.0.2\bin;C:\Users\ankit chauhan\AppData\Local\Microsoft\WindowsApps;;C:\Users\ankit chauhan\AppData\Local\Programs\Microsoft VS Code\bin
USERNAME=ankit chauhan
OS=Windows_NT
PROCESSOR_IDENTIFIER=Intel64 Family 6 Model 78 Stepping 3, GenuineIntel



---------------  S Y S T E M  ---------------

OS: Windows 10 , 64 bit Build 18362 (10.0.18362.329)

CPU:total 4 (initial active 4) (2 cores per cpu, 2 threads per core) family 6 model 78 stepping 3, cmov, cx8, fxsr, mmx, sse, sse2, sse3, ssse3, sse4.1, sse4.2, popcnt, avx, avx2, aes, clmul, erms, 3dnowpref, lzcnt, ht, tsc, tscinvbit, bmi1, bmi2, adx, fma

Memory: 4k page, system-wide physical 3962M (434M free)
TotalPageFile size 16250M (AvailPageFile size 0M)
current process WorkingSet (physical memory assigned to process): 36M, peak: 36M
current process commit charge ("private bytes"): 132M, peak: 132M

vm_info: Java HotSpot(TM) 64-Bit Server VM (12.0.2+10) for windows-amd64 JRE (12.0.2+10), built on Jul 16 2019 01:56:17 by "mach5one" with MS VC++ 15.5 (VS2017)

END.
